<?xml version="1.0" encoding="UTF-8"?>
<testng-results ignored="0" total="2" passed="2" failed="0" skipped="0">
  <reporter-output>
  </reporter-output>
  <suite started-at="2025-03-26T00:33:03 IST" name="Suite" finished-at="2025-03-26T00:33:16 IST" duration-ms="12441">
    <groups>
    </groups>
    <test started-at="2025-03-26T00:33:03 IST" name="Test" finished-at="2025-03-26T00:33:16 IST" duration-ms="12441">
      <class name="Testcase.redbus">
        <test-method signature="Demo()[pri:0, instance:Testcase.redbus@7c729a55]" started-at="2025-03-26T00:33:03 IST" name="Demo" finished-at="2025-03-26T00:33:10 IST" duration-ms="7112" status="PASS">
          <reporter-output>
          </reporter-output>
        </test-method> <!-- Demo -->
      </class> <!-- Testcase.redbus -->
      <class name="Testcase.weekends">
        <test-method signature="Demo()[pri:0, instance:Testcase.weekends@1fa268de]" started-at="2025-03-26T00:33:10 IST" name="Demo" finished-at="2025-03-26T00:33:16 IST" duration-ms="5303" status="PASS">
          <reporter-output>
          </reporter-output>
        </test-method> <!-- Demo -->
      </class> <!-- Testcase.weekends -->
    </test> <!-- Test -->
  </suite> <!-- Suite -->
</testng-results>
