<?xml version="1.0" encoding="UTF-8"?>
<testng-results ignored="0" total="2" passed="2" failed="0" skipped="0">
  <reporter-output>
  </reporter-output>
  <suite started-at="2025-03-25T22:44:56 IST" name="Suite" finished-at="2025-03-25T22:45:13 IST" duration-ms="16649">
    <groups>
    </groups>
    <test started-at="2025-03-25T22:44:56 IST" name="Test" finished-at="2025-03-25T22:45:13 IST" duration-ms="16649">
      <class name="Testcase.redbus">
        <test-method signature="Demo()[pri:0, instance:Testcase.redbus@1700915]" started-at="2025-03-25T22:44:56 IST" name="Demo" finished-at="2025-03-25T22:45:07 IST" duration-ms="10733" status="PASS">
          <reporter-output>
          </reporter-output>
        </test-method> <!-- Demo -->
      </class> <!-- Testcase.redbus -->
      <class name="Testcase.weekends">
        <test-method signature="Demo()[pri:0, instance:Testcase.weekends@50a638b5]" started-at="2025-03-25T22:45:07 IST" name="Demo" finished-at="2025-03-25T22:45:12 IST" duration-ms="5887" status="PASS">
          <reporter-output>
          </reporter-output>
        </test-method> <!-- Demo -->
      </class> <!-- Testcase.weekends -->
    </test> <!-- Test -->
  </suite> <!-- Suite -->
</testng-results>
