<?xml version="1.0" encoding="UTF-8"?>
<testsuite xmlns:xsi="http://www.w3.org/2001/XMLSchema-instance" xsi:noNamespaceSchemaLocation="https://maven.apache.org/surefire/maven-surefire-plugin/xsd/surefire-test-report-3.0.xsd" version="3.0" name="TestSuite" time="17.052" tests="2" errors="0" skipped="0" failures="0">
  <properties>
[...]
</properties>
  <testcase name="Demo" classname="Testcase.redbus" time="10.734">
    <system-out><![CDATA[Mar 2025
3 Holidays
Apr 2025
4 Holidays
May 2025
2 Holidays
Jun 2025
Jul 2025
1 Holiday
Aug 2025
3 Holidays
Sep 2025
2 Holidays
Oct 2025
3 Holidays
Nov 2025
4 Holidays
Dec 2025
1 Holiday
Jan 2026
1 Holiday
Feb 2026
1 Holiday
Mar 2026
3 Holidays
Apr 2026
4 Holidays
May 2026
2 Holidays
Jun 2026
]]></system-out>
    <system-err><![CDATA[SLF4J: Failed to load class "org.slf4j.impl.StaticLoggerBinder".
SLF4J: Defaulting to no-operation (NOP) logger implementation
SLF4J: See http://www.slf4j.org/codes.html#StaticLoggerBinder for further details.
]]></system-err>
  </testcase>
  <testcase name="Demo" classname="Testcase.weekends" time="5.889">
    <system-out><![CDATA[Apr 2025
4 Holidays
5
6
12
13
19
20
26
27
May 2025
2 Holidays
3
4
10
11
17
18
24
25
31
Jun 2025
1
7
8
14
15
21
22
28
29
Jul 2025
1 Holiday
5
6
12
13
19
20
26
27
Aug 2025
3 Holidays
2
3
9
10
16
17
23
24
30
31
Sep 2025
2 Holidays
6
7
13
14
20
21
27
28
Oct 2025
3 Holidays
4
5
11
12
18
19
25
26
Nov 2025
4 Holidays
1
2
8
9
15
16
22
23
29
30
Dec 2025
1 Holiday
6
7
13
14
20
21
27
28
Jan 2026
1 Holiday
3
4
10
11
17
18
24
25
31
Feb 2026
1 Holiday
1
7
8
14
15
21
22
28
Mar 2026
3 Holidays
1
7
8
14
15
21
22
28
29
Apr 2026
4 Holidays
4
5
11
12
18
19
25
26
May 2026
2 Holidays
2
3
9
10
16
17
23
24
30
31
Jun 2026
]]></system-out>
  </testcase>
</testsuite>