<?xml version="1.0" encoding="UTF-8"?>
<testng-results ignored="0" total="1" passed="1" failed="0" skipped="0">
  <reporter-output>
  </reporter-output>
  <suite started-at="2025-03-26T20:11:02 IST" name="Default suite" finished-at="2025-03-26T20:11:11 IST" duration-ms="9149">
    <groups>
    </groups>
    <test started-at="2025-03-26T20:11:02 IST" name="Default test" finished-at="2025-03-26T20:11:11 IST" duration-ms="9149">
      <class name="Testcase.weekends">
        <test-method signature="Demo()[pri:0, instance:Testcase.weekends@2de23121]" started-at="2025-03-26T20:11:02 IST" name="Demo" finished-at="2025-03-26T20:11:11 IST" duration-ms="9119" status="PASS">
          <reporter-output>
          </reporter-output>
        </test-method> <!-- Demo -->
      </class> <!-- Testcase.weekends -->
    </test> <!-- Default test -->
  </suite> <!-- Default suite -->
</testng-results>
